[8364:2848:0523/222952:INFO:AppRunner.cpp(611)] Begin run process geeplayer, -runfrom openimage "D:\Web1\中智信元\images\images\pic_02.gif", mainplugin is mainPlugin
[8364:2848:0523/222952:INFO:AppRunner.cpp(617)] ProductName is GeePlayer1
[8364:2848:0523/222952:INFO:ChannelManager.cpp(1219)] create connection thread
[8364:2848:0523/222952:INFO:AppRunner.cpp(661)] apppluginbase version is 5.1.3.13
[8364:2848:0523/222952:INFO:UIlib.cpp(192)] quilib: version is 5.1.3.9
[8364:2848:0523/222952:INFO:serviceManager.cpp(508)] mainprocessisrunning key is set as 1
[8364:2848:0523/222952:INFO:serviceManager.cpp(629)] create local service plugin PluginServerStatePlugin
[8364:2848:0523/222952:INFO:serviceManager.cpp(687)] plugin PluginServerStatePlugin DoPluginInit
[8364:2848:0523/222952:INFO:serviceManager.cpp(1272)] repository parse over
[8364:2848:0523/222952:INFO:DomainManager.cpp(244)] create global domain channel list::QyClient.exe
[8364:2848:0523/222952:INFO:ChannelManager.cpp(504)] create list::QyClient.exe:: process object
[8364:2848:0523/222952:INFO:LpcProcess.cpp(242)] create default channel GeePlayer1::geeplayer.exe::::list::QyClient.exe::::
[8364:2848:0523/222952:INFO:UIManager.cpp(383)] quilib:call set resouce path, path is c:\program files (x86)\iqiyi video\geeplayer\3.0.40.3591\skin
[8364:2848:0523/222952:INFO:UIMarkup.cpp(395)] quilib:Open Resource failed, Path is c:\program files (x86)\iqiyi video\geeplayer\3.0.40.3591\skin\StyleTable.xml, last error is2
[8364:2848:0523/222952:INFO:UIDlgBuilder.cpp(512)] quilib:create root control failed
[8364:2848:0523/222952:INFO:UIDlgBuilder.cpp(512)] quilib:create root control failed
[8364:2848:0523/222952:INFO:UIDlgBuilder.cpp(512)] quilib:create root control failed
[8364:2848:0523/222952:INFO:UIDlgBuilder.cpp(512)] quilib:create root control failed
[8364:2848:0523/222952:INFO:UIDlgBuilder.cpp(512)] quilib:create root control failed
[8364:2848:0523/222952:INFO:UIDlgBuilder.cpp(512)] quilib:create root control failed
[8364:2848:0523/222953:INFO:UIDlgBuilder.cpp(512)] quilib:create root control failed
[8364:2848:0523/223007:INFO:AppRunner.cpp(720)] loop exit geeplayer call main plugin DestoryPluginEntry
[8364:2848:0523/223007:INFO:PluginDevelopAssistant.cpp(115)] real plugin mainPlugin call DestroyPlugin
[8364:2848:0523/223007:INFO:IPlugin.cpp(31)] destruct plugin mainPlugin
[8364:2848:0523/223007:INFO:serviceManager.cpp(1353)] mainPlugin plugin had destroy by DestructPlugin
[8364:2848:0523/223007:INFO:serviceManager.cpp(1906)] DestructManager begin
[8364:2848:0523/223007:INFO:IPlugin.cpp(31)] destruct plugin PluginServerStatePlugin
[8364:2848:0523/223007:INFO:PluginDevelopAssistant.cpp(295)] real plugin PluginServerStatePlugin call DestroyPlugin
[8364:2848:0523/223007:INFO:serviceManager.cpp(1353)] PluginServerStatePlugin plugin had destroy by DestructPlugin
[8364:2848:0523/223007:INFO:serviceManager.cpp(1759)] DeleteLeftPlugins begin
[8364:2848:0523/223007:INFO:serviceManager.cpp(1822)] DeleteLeftPlugins end
[8364:2848:0523/223007:INFO:serviceManager.cpp(508)] mainprocessisrunning key is set as 0
[8364:2848:0523/223007:INFO:AppRunner.cpp(735)] close mutex of process geeplayer
[8364:2848:0523/223007:INFO:AppRunner.cpp(743)] run process geeplayer end
